<?xml version="1.0" encoding="UTF-8"?>
<!-- Generated by org.testng.reporters.JUnitXMLReporter -->
<testsuite ignored="1" hostname="DESKTOP-2C9RAEV" failures="0" tests="2" name="Surefire test" time="0.165" errors="0" timestamp="2025-03-28T11:15:50 IST">
  <testcase classname="sample.TestNGPractice" name="deleteUser" time="0.014"/>
  <testcase classname="sample.TestNGPractice" name="modifyUser" time="0.002"/>
  <testcase classname="sample.TestNGPractice" name="createUser" time="0.0">
    <ignored/>
  </testcase> <!-- createUser -->
</testsuite> <!-- Surefire test -->
