<?xml version="1.0" encoding="UTF-8"?>
<!-- Generated by org.testng.reporters.JUnitXMLReporter -->
<testsuite ignored="1" hostname="DESKTOP-2C9RAEV" failures="0" tests="2" name="Default test" time="0.148" errors="0" timestamp="2025-03-17T09:44:07 IST">
  <testcase classname="sample.TestNGPractice" name="deleteUser" time="0.023"/>
  <testcase classname="sample.TestNGPractice" name="modifyUser" time="0.004"/>
  <testcase classname="sample.TestNGPractice" name="createUser" time="0.0">
    <ignored/>
  </testcase> <!-- createUser -->
</testsuite> <!-- Default test -->
