<?xml version="1.0" encoding="UTF-8"?>
<!-- Generated by org.testng.reporters.JUnitXMLReporter -->
<testsuite ignored="1" hostname="DESKTOP-2C9RAEV" failures="0" tests="2" name="Default test" time="0.191" errors="0" timestamp="2025-04-01T09:04:38 IST">
  <testcase classname="sample.TestNGPractice" name="deleteUser" time="0.026"/>
  <testcase classname="sample.TestNGPractice" name="modifyUser" time="0.009"/>
  <testcase classname="sample.TestNGPractice" name="createUser" time="0.0">
    <ignored/>
  </testcase> <!-- createUser -->
</testsuite> <!-- Default test -->
