<?xml version="1.0" encoding="UTF-8"?>
<!-- Generated by org.testng.reporters.JUnitXMLReporter -->
<testsuite ignored="0" hostname="DESKTOP-2C9RAEV" failures="1" tests="1" name="Test1" time="17.422" errors="0" timestamp="2025-04-01T11:25:09 IST">
  <testcase classname="testCaseRepo.TC_001" name="LE_001" time="10.881">
    <failure type="java.lang.AssertionError" message="null">
      <![CDATA[java.lang.AssertionError: null
at testCaseRepo.TC_001.LE_001(TC_001.java:24)
at java.base/java.util.ArrayList.forEach(ArrayList.java:1597)
... Removed 27 stack frames]]>
    </failure>
  </testcase> <!-- LE_001 -->
</testsuite> <!-- Test1 -->
