<?xml version="1.0" encoding="UTF-8"?>
<!-- Generated by org.testng.reporters.JUnitXMLReporter -->
<testsuite ignored="4" hostname="DESKTOP-2C9RAEV" failures="0" tests="3" name="Test" time="46.782" errors="0" timestamp="2025-04-01T11:19:05 IST">
  <testcase classname="testCaseRepo.TC_004" name="CON_001" time="35.258"/>
  <testcase classname="testCaseRepo.TC_005" name="CON_002" time="35.503"/>
  <testcase classname="testCaseRepo.TC_003" name="LE_003" time="37.365"/>
  <testcase classname="genericUtility.BaseClass" name="@AfterSuite closeDBConnection" time="0.0">
    <ignored/>
  </testcase> <!-- @AfterSuite closeDBConnection -->
  <testcase classname="genericUtility.BaseClass" name="@AfterSuite closeDBConnection" time="0.0">
    <ignored/>
  </testcase> <!-- @AfterSuite closeDBConnection -->
  <testcase classname="genericUtility.BaseClass" name="@BeforeSuite dbConnection" time="0.0">
    <ignored/>
  </testcase> <!-- @BeforeSuite dbConnection -->
  <testcase classname="genericUtility.BaseClass" name="@BeforeSuite dbConnection" time="0.0">
    <ignored/>
  </testcase> <!-- @BeforeSuite dbConnection -->
</testsuite> <!-- Test -->
