<?xml version="1.0" encoding="UTF-8"?>
<testng-results ignored="0" total="2" passed="2" failed="0" skipped="0">
  <reporter-output>
  </reporter-output>
  <suite started-at="2025-03-28T11:15:50 IST" name="Surefire suite" finished-at="2025-03-28T11:15:50 IST" duration-ms="165">
    <groups>
    </groups>
    <test started-at="2025-03-28T11:15:50 IST" name="Surefire test" finished-at="2025-03-28T11:15:50 IST" duration-ms="165">
      <class name="sample.TestNGPractice">
        <test-method signature="deleteUser()[pri:3, instance:sample.TestNGPractice@6ce139a4]" started-at="2025-03-28T11:15:50 IST" name="deleteUser" finished-at="2025-03-28T11:15:50 IST" duration-ms="14" status="PASS">
          <reporter-output>
          </reporter-output>
        </test-method> <!-- deleteUser -->
        <test-method signature="modifyUser()[pri:2, instance:sample.TestNGPractice@6ce139a4]" started-at="2025-03-28T11:15:50 IST" name="modifyUser" finished-at="2025-03-28T11:15:50 IST" depends-on-methods="sample.TestNGPractice.deleteUser" duration-ms="2" status="PASS">
          <reporter-output>
          </reporter-output>
        </test-method> <!-- modifyUser -->
      </class> <!-- sample.TestNGPractice -->
    </test> <!-- Surefire test -->
  </suite> <!-- Surefire suite -->
</testng-results>
