<?xml version="1.0" encoding="UTF-8"?>
<testng-results ignored="0" total="2" passed="1" failed="1" skipped="0">
  <reporter-output>
    <line>
      <![CDATA[LE_001On Test Start excuted]]>
    </line>
    <line>
      <![CDATA[LE_001On Test Failure excuted]]>
    </line>
  </reporter-output>
  <suite started-at="2025-04-01T11:24:51 IST" name="Suite" finished-at="2025-04-01T11:25:41 IST" duration-ms="49659">
    <groups>
      <group name="Sanity">
        <method signature="TC_001.LE_001()[pri:0, instance:testCaseRepo.TC_001@43df23d3]" name="LE_001" class="testCaseRepo.TC_001"/>
        <method signature="TC_005.CON_002()[pri:0, instance:testCaseRepo.TC_005@3b35a229]" name="CON_002" class="testCaseRepo.TC_005"/>
      </group> <!-- Sanity -->
      <group name="Smoke">
        <method signature="TC_001.LE_001()[pri:0, instance:testCaseRepo.TC_001@43df23d3]" name="LE_001" class="testCaseRepo.TC_001"/>
      </group> <!-- Smoke -->
    </groups>
    <test started-at="2025-04-01T11:24:51 IST" name="Test1" finished-at="2025-04-01T11:25:09 IST" duration-ms="17422">
      <class name="testCaseRepo.TC_001">
        <test-method is-config="true" signature="launchBrowser(java.lang.String)[pri:0, instance:testCaseRepo.TC_001@43df23d3]" started-at="2025-04-01T11:24:52 IST" name="launchBrowser" finished-at="2025-04-01T11:24:55 IST" duration-ms="3607" status="PASS">
          <params>
            <param index="0">
              <value>
                <![CDATA[chrome]]>
              </value>
            </param>
          </params>
          <reporter-output>
          </reporter-output>
        </test-method> <!-- launchBrowser -->
        <test-method is-config="true" signature="loginOperation()[pri:0, instance:testCaseRepo.TC_001@43df23d3]" started-at="2025-04-01T11:24:55 IST" name="loginOperation" finished-at="2025-04-01T11:24:56 IST" duration-ms="421" status="PASS">
          <reporter-output>
          </reporter-output>
        </test-method> <!-- loginOperation -->
        <test-method signature="LE_001()[pri:0, instance:testCaseRepo.TC_001@43df23d3]" started-at="2025-04-01T11:24:56 IST" name="LE_001" finished-at="2025-04-01T11:25:07 IST" duration-ms="10881" status="FAIL">
          <exception class="java.lang.AssertionError">
            <message>
              <![CDATA[null]]>
            </message>
            <full-stacktrace>
              <![CDATA[java.lang.AssertionError: null
at org.testng.Assert.fail(Assert.java:111)
at org.testng.Assert.fail(Assert.java:116)
at testCaseRepo.TC_001.LE_001(TC_001.java:24)
at java.base/jdk.internal.reflect.DirectMethodHandleAccessor.invoke(DirectMethodHandleAccessor.java:103)
at java.base/java.lang.reflect.Method.invoke(Method.java:580)
at org.testng.internal.invokers.MethodInvocationHelper.invokeMethod(MethodInvocationHelper.java:141)
at org.testng.internal.invokers.TestInvoker.invokeMethod(TestInvoker.java:686)
at org.testng.internal.invokers.TestInvoker.invokeTestMethod(TestInvoker.java:230)
at org.testng.internal.invokers.MethodRunner.runInSequence(MethodRunner.java:63)
at org.testng.internal.invokers.TestInvoker$MethodInvocationAgent.invoke(TestInvoker.java:992)
at org.testng.internal.invokers.TestInvoker.invokeTestMethods(TestInvoker.java:203)
at org.testng.internal.invokers.TestMethodWorker.invokeTestMethods(TestMethodWorker.java:154)
at org.testng.internal.invokers.TestMethodWorker.run(TestMethodWorker.java:134)
at java.base/java.util.ArrayList.forEach(ArrayList.java:1597)
at org.testng.TestRunner.privateRun(TestRunner.java:739)
at org.testng.TestRunner.run(TestRunner.java:614)
at org.testng.SuiteRunner.runTest(SuiteRunner.java:421)
at org.testng.SuiteRunner.runSequentially(SuiteRunner.java:413)
at org.testng.SuiteRunner.privateRun(SuiteRunner.java:373)
at org.testng.SuiteRunner.run(SuiteRunner.java:312)
at org.testng.SuiteRunnerWorker.runSuite(SuiteRunnerWorker.java:52)
at org.testng.SuiteRunnerWorker.run(SuiteRunnerWorker.java:95)
at org.testng.TestNG.runSuitesSequentially(TestNG.java:1274)
at org.testng.TestNG.runSuitesLocally(TestNG.java:1208)
at org.testng.TestNG.runSuites(TestNG.java:1112)
at org.testng.TestNG.run(TestNG.java:1079)
at org.testng.remote.AbstractRemoteTestNG.run(AbstractRemoteTestNG.java:115)
at org.testng.remote.RemoteTestNG.initAndRun(RemoteTestNG.java:293)
at org.testng.remote.RemoteTestNG.main(RemoteTestNG.java:91)
]]>
            </full-stacktrace>
          </exception> <!-- java.lang.AssertionError -->
          <reporter-output>
            <line>
              <![CDATA[LE_001On Test Start excuted]]>
            </line>
            <line>
              <![CDATA[LE_001On Test Failure excuted]]>
            </line>
          </reporter-output>
        </test-method> <!-- LE_001 -->
        <test-method is-config="true" signature="logOutOperation()[pri:0, instance:testCaseRepo.TC_001@43df23d3]" started-at="2025-04-01T11:25:07 IST" name="logOutOperation" finished-at="2025-04-01T11:25:08 IST" duration-ms="1569" status="PASS">
          <reporter-output>
          </reporter-output>
        </test-method> <!-- logOutOperation -->
        <test-method is-config="true" signature="closeBrowser()[pri:0, instance:testCaseRepo.TC_001@43df23d3]" started-at="2025-04-01T11:25:08 IST" name="closeBrowser" finished-at="2025-04-01T11:25:09 IST" duration-ms="384" status="PASS">
          <reporter-output>
          </reporter-output>
        </test-method> <!-- closeBrowser -->
      </class> <!-- testCaseRepo.TC_001 -->
    </test> <!-- Test1 -->
    <test started-at="2025-04-01T11:25:09 IST" name="Test2" finished-at="2025-04-01T11:25:41 IST" duration-ms="31649">
      <class name="testCaseRepo.TC_005">
        <test-method is-config="true" signature="dbConnection()[pri:0, instance:testCaseRepo.TC_005@3b35a229]" started-at="2025-04-01T11:24:51 IST" name="dbConnection" finished-at="2025-04-01T11:24:51 IST" duration-ms="17" status="PASS">
          <reporter-output>
          </reporter-output>
        </test-method> <!-- dbConnection -->
        <test-method is-config="true" signature="launchBrowser(java.lang.String)[pri:0, instance:testCaseRepo.TC_005@3b35a229]" started-at="2025-04-01T11:25:09 IST" name="launchBrowser" finished-at="2025-04-01T11:25:23 IST" duration-ms="13245" status="PASS">
          <params>
            <param index="0">
              <value>
                <![CDATA[edge]]>
              </value>
            </param>
          </params>
          <reporter-output>
          </reporter-output>
        </test-method> <!-- launchBrowser -->
        <test-method is-config="true" signature="loginOperation()[pri:0, instance:testCaseRepo.TC_005@3b35a229]" started-at="2025-04-01T11:25:23 IST" name="loginOperation" finished-at="2025-04-01T11:25:26 IST" duration-ms="3303" status="PASS">
          <reporter-output>
          </reporter-output>
        </test-method> <!-- loginOperation -->
        <test-method signature="CON_002()[pri:0, instance:testCaseRepo.TC_005@3b35a229]" started-at="2025-04-01T11:25:26 IST" name="CON_002" finished-at="2025-04-01T11:25:38 IST" duration-ms="11999" status="PASS">
          <reporter-output>
          </reporter-output>
        </test-method> <!-- CON_002 -->
        <test-method is-config="true" signature="logOutOperation()[pri:0, instance:testCaseRepo.TC_005@3b35a229]" started-at="2025-04-01T11:25:38 IST" name="logOutOperation" finished-at="2025-04-01T11:25:39 IST" duration-ms="1541" status="PASS">
          <reporter-output>
          </reporter-output>
        </test-method> <!-- logOutOperation -->
        <test-method is-config="true" signature="closeBrowser()[pri:0, instance:testCaseRepo.TC_005@3b35a229]" started-at="2025-04-01T11:25:39 IST" name="closeBrowser" finished-at="2025-04-01T11:25:41 IST" duration-ms="1552" status="PASS">
          <reporter-output>
          </reporter-output>
        </test-method> <!-- closeBrowser -->
        <test-method is-config="true" signature="closeDBConnection()[pri:0, instance:testCaseRepo.TC_005@3b35a229]" started-at="2025-04-01T11:25:41 IST" name="closeDBConnection" finished-at="2025-04-01T11:25:41 IST" duration-ms="1" status="PASS">
          <reporter-output>
          </reporter-output>
        </test-method> <!-- closeDBConnection -->
      </class> <!-- testCaseRepo.TC_005 -->
    </test> <!-- Test2 -->
  </suite> <!-- Suite -->
</testng-results>
