<?xml version="1.0" encoding="UTF-8"?>
<testng-results ignored="0" total="2" passed="2" failed="0" skipped="0">
  <reporter-output>
  </reporter-output>
  <suite started-at="2025-03-17T09:44:07 IST" name="Default suite" finished-at="2025-03-17T09:44:07 IST" duration-ms="148">
    <groups>
    </groups>
    <test started-at="2025-03-17T09:44:07 IST" name="Default test" finished-at="2025-03-17T09:44:07 IST" duration-ms="148">
      <class name="sample.TestNGPractice">
        <test-method signature="deleteUser()[pri:3, instance:sample.TestNGPractice@117159c0]" started-at="2025-03-17T09:44:07 IST" name="deleteUser" finished-at="2025-03-17T09:44:07 IST" duration-ms="23" status="PASS">
          <reporter-output>
          </reporter-output>
        </test-method> <!-- deleteUser -->
        <test-method signature="modifyUser()[pri:2, instance:sample.TestNGPractice@117159c0]" started-at="2025-03-17T09:44:07 IST" name="modifyUser" finished-at="2025-03-17T09:44:07 IST" depends-on-methods="sample.TestNGPractice.deleteUser" duration-ms="4" status="PASS">
          <reporter-output>
          </reporter-output>
        </test-method> <!-- modifyUser -->
      </class> <!-- sample.TestNGPractice -->
    </test> <!-- Default test -->
  </suite> <!-- Default suite -->
</testng-results>
